DEBUG tests/test_tests.cpp:17: ----- RUNNING: ./tests/test_tests
DEBUG tests/test_tests.cpp:12: 
----- basic_test
DEBUG tests/vecmath_tests.cpp:18: ----- RUNNING: ./tests/vecmath_tests
DEBUG tests/vecmath_tests.cpp:13: 
----- init_tests
DEBUG tests/vecmath_tests.cpp:18: ----- RUNNING: ./tests/vecmath_tests
DEBUG tests/vecmath_tests.cpp:13: 
----- init_tests
DEBUG tests/vecmath_tests.cpp:18: ----- RUNNING: ./tests/vecmath_tests
DEBUG tests/vecmath_tests.cpp:13: 
----- init_tests
DEBUG vecmath_tests.cpp:23: ----- RUNNING: ./vecmath_tests
DEBUG vecmath_tests.cpp:18: 
----- init_tests
DEBUG vecmath_tests.cpp:23: ----- RUNNING: ./vecmath_tests
DEBUG vecmath_tests.cpp:18: 
----- init_tests
DEBUG vecmath_tests.cpp:23: ----- RUNNING: ./vecmath_tests
DEBUG vecmath_tests.cpp:18: 
----- init_tests
DEBUG vecmath_tests.cpp:23: ----- RUNNING: ./vecmath_tests
DEBUG vecmath_tests.cpp:18: 
----- init_tests
DEBUG vecmath_tests.cpp:23: ----- RUNNING: ./vecmath_tests
DEBUG vecmath_tests.cpp:18: 
----- init_tests
DEBUG vecmath_tests.cpp:23: ----- RUNNING: ./vecmath_tests
DEBUG vecmath_tests.cpp:18: 
----- init_tests
DEBUG vecmath_tests.cpp:46: ----- RUNNING: ./vecmath_tests
DEBUG vecmath_tests.cpp:40: 
----- init_tests
DEBUG vecmath_tests.cpp:41: 
----- load_tests
Segmentation fault (core dumped)
DEBUG vecmath_tests.cpp:47: ----- RUNNING: ./vecmath_tests
DEBUG vecmath_tests.cpp:41: 
----- init_tests
DEBUG vecmath_tests.cpp:42: 
----- load_tests
DEBUG vecmath_tests.cpp:59: ----- RUNNING: ./vecmath_tests
DEBUG vecmath_tests.cpp:53: 
----- init_tests
DEBUG vecmath_tests.cpp:54: 
----- load_tests
DEBUG vecmath_tests.cpp:84: ----- RUNNING: ./vecmath_tests
DEBUG vecmath_tests.cpp:77: 
----- init_tests
DEBUG vecmath_tests.cpp:78: 
----- load_tests
DEBUG vecmath_tests.cpp:79: 
----- store_tests
DEBUG vecmath_tests.cpp:116: ----- RUNNING: ./vecmath_tests
DEBUG vecmath_tests.cpp:108: 
----- init_tests
DEBUG vecmath_tests.cpp:109: 
----- load_tests
DEBUG vecmath_tests.cpp:110: 
----- store_tests
DEBUG vecmath_tests.cpp:111: 
----- arrange_tests
DEBUG vecmath_tests.cpp:123: ----- RUNNING: ./vecmath_tests
DEBUG vecmath_tests.cpp:115: 
----- init_tests
DEBUG vecmath_tests.cpp:116: 
----- load_tests
DEBUG vecmath_tests.cpp:117: 
----- store_tests
DEBUG vecmath_tests.cpp:118: 
----- arrange_tests
DEBUG vecmath_tests.cpp:123: ----- RUNNING: ./vecmath_tests
DEBUG vecmath_tests.cpp:115: 
----- init_tests
DEBUG vecmath_tests.cpp:116: 
----- load_tests
DEBUG vecmath_tests.cpp:117: 
----- store_tests
DEBUG vecmath_tests.cpp:118: 
----- arrange_tests
[ERROR] (vecmath_tests.cpp:107: errno: None) Vector swizzle failed
DEBUG vecmath_tests.cpp:134: ----- RUNNING: ./vecmath_tests
DEBUG vecmath_tests.cpp:125: 
----- init_tests
[ERROR] (vecmath_tests.cpp:13: errno: None) Vector equals failed
DEBUG vecmath_tests.cpp:134: ----- RUNNING: ./vecmath_tests
DEBUG vecmath_tests.cpp:125: 
----- init_tests
[ERROR] (vecmath_tests.cpp:13: errno: None) Vector equals failed
DEBUG vecmath_tests.cpp:140: ----- RUNNING: ./vecmath_tests
DEBUG vecmath_tests.cpp:131: 
----- init_tests
DEBUG vecmath_tests.cpp:132: 
----- load_tests
DEBUG vecmath_tests.cpp:133: 
----- store_tests
DEBUG vecmath_tests.cpp:134: 
----- arrange_tests
DEBUG vecmath_tests.cpp:135: 
----- math_funcs_tests
DEBUG vecmath_tests.cpp:140: ----- RUNNING: ./vecmath_tests
DEBUG vecmath_tests.cpp:131: 
----- init_tests
DEBUG vecmath_tests.cpp:132: 
----- load_tests
DEBUG vecmath_tests.cpp:133: 
----- store_tests
DEBUG vecmath_tests.cpp:134: 
----- arrange_tests
DEBUG vecmath_tests.cpp:135: 
----- math_funcs_tests
DEBUG vecmath_tests.cpp:140: ----- RUNNING: ./vecmath_tests
DEBUG vecmath_tests.cpp:131: 
----- init_tests
DEBUG vecmath_tests.cpp:132: 
----- load_tests
DEBUG vecmath_tests.cpp:133: 
----- store_tests
DEBUG vecmath_tests.cpp:134: 
----- arrange_tests
DEBUG vecmath_tests.cpp:135: 
----- math_funcs_tests
DEBUG vecmath_tests.cpp:140: ----- RUNNING: ./vecmath_tests
DEBUG vecmath_tests.cpp:131: 
----- init_tests
[ERROR] (vecmath_tests.cpp:14: errno: None) Vector equals failed
DEBUG vecmath_tests.cpp:140: ----- RUNNING: ./vecmath_tests
DEBUG vecmath_tests.cpp:131: 
----- init_tests
DEBUG vecmath_tests.cpp:132: 
----- load_tests
DEBUG vecmath_tests.cpp:133: 
----- store_tests
DEBUG vecmath_tests.cpp:134: 
----- arrange_tests
DEBUG vecmath_tests.cpp:135: 
----- math_funcs_tests
DEBUG vecmath_tests.cpp:143: ----- RUNNING: ./vecmath_tests
DEBUG vecmath_tests.cpp:134: 
----- init_tests
DEBUG vecmath_tests.cpp:135: 
----- load_tests
DEBUG vecmath_tests.cpp:136: 
----- store_tests
DEBUG vecmath_tests.cpp:137: 
----- arrange_tests
DEBUG vecmath_tests.cpp:138: 
----- math_funcs_tests
DEBUG vecmath_tests.cpp:146: ----- RUNNING: ./vecmath_tests
DEBUG vecmath_tests.cpp:137: 
----- init_tests
DEBUG vecmath_tests.cpp:138: 
----- load_tests
DEBUG vecmath_tests.cpp:139: 
----- store_tests
DEBUG vecmath_tests.cpp:140: 
----- arrange_tests
DEBUG vecmath_tests.cpp:141: 
----- math_funcs_tests
DEBUG vecmath_tests.cpp:147: ----- RUNNING: ./vecmath_tests
DEBUG vecmath_tests.cpp:138: 
----- init_tests
DEBUG vecmath_tests.cpp:139: 
----- load_tests
DEBUG vecmath_tests.cpp:140: 
----- store_tests
DEBUG vecmath_tests.cpp:141: 
----- arrange_tests
DEBUG vecmath_tests.cpp:142: 
----- math_funcs_tests
DEBUG vecmath_tests.cpp:156: ----- RUNNING: ./vecmath_tests
DEBUG vecmath_tests.cpp:146: 
----- init_tests
DEBUG vecmath_tests.cpp:147: 
----- load_tests
DEBUG vecmath_tests.cpp:148: 
----- store_tests
DEBUG vecmath_tests.cpp:149: 
----- arrange_tests
DEBUG vecmath_tests.cpp:150: 
----- math_funcs_tests
DEBUG vecmath_tests.cpp:151: 
----- dotcross_tests
DEBUG vecmath_tests.cpp:157: ----- RUNNING: ./vecmath_tests
DEBUG vecmath_tests.cpp:147: 
----- init_tests
DEBUG vecmath_tests.cpp:148: 
----- load_tests
DEBUG vecmath_tests.cpp:149: 
----- store_tests
DEBUG vecmath_tests.cpp:150: 
----- arrange_tests
DEBUG vecmath_tests.cpp:151: 
----- math_funcs_tests
DEBUG vecmath_tests.cpp:152: 
----- dotcross_tests
DEBUG vecmath_tests.cpp:160: ----- RUNNING: ./vecmath_tests
DEBUG vecmath_tests.cpp:150: 
----- init_tests
DEBUG vecmath_tests.cpp:151: 
----- load_tests
DEBUG vecmath_tests.cpp:152: 
----- store_tests
DEBUG vecmath_tests.cpp:153: 
----- arrange_tests
DEBUG vecmath_tests.cpp:154: 
----- math_funcs_tests
DEBUG vecmath_tests.cpp:155: 
----- dotcross_tests
DEBUG vecmath_tests.cpp:163: ----- RUNNING: ./vecmath_tests
DEBUG vecmath_tests.cpp:153: 
----- init_tests
DEBUG vecmath_tests.cpp:154: 
----- load_tests
DEBUG vecmath_tests.cpp:155: 
----- store_tests
DEBUG vecmath_tests.cpp:156: 
----- arrange_tests
DEBUG vecmath_tests.cpp:157: 
----- math_funcs_tests
DEBUG vecmath_tests.cpp:158: 
----- dotcross_tests
[ERROR] (vecmath_tests.cpp:145: errno: None) Vector cross failed
DEBUG vecmath_tests.cpp:168: ----- RUNNING: ./vecmath_tests
DEBUG vecmath_tests.cpp:158: 
----- init_tests
DEBUG vecmath_tests.cpp:159: 
----- load_tests
DEBUG vecmath_tests.cpp:160: 
----- store_tests
DEBUG vecmath_tests.cpp:161: 
----- arrange_tests
DEBUG vecmath_tests.cpp:162: 
----- math_funcs_tests
DEBUG vecmath_tests.cpp:163: 
----- dotcross_tests
DEBUG vecmath_tests.cpp:168: ----- RUNNING: ./vecmath_tests
DEBUG vecmath_tests.cpp:158: 
----- init_tests
DEBUG vecmath_tests.cpp:159: 
----- load_tests
DEBUG vecmath_tests.cpp:160: 
----- store_tests
DEBUG vecmath_tests.cpp:161: 
----- arrange_tests
DEBUG vecmath_tests.cpp:162: 
----- math_funcs_tests
DEBUG vecmath_tests.cpp:163: 
----- dotcross_tests
DEBUG vecmath_tests.cpp:168: ----- RUNNING: ./vecmath_tests
DEBUG vecmath_tests.cpp:158: 
----- init_tests
DEBUG vecmath_tests.cpp:159: 
----- load_tests
DEBUG vecmath_tests.cpp:160: 
----- store_tests
DEBUG vecmath_tests.cpp:161: 
----- arrange_tests
DEBUG vecmath_tests.cpp:162: 
----- math_funcs_tests
DEBUG vecmath_tests.cpp:163: 
----- dotcross_tests
DEBUG vecmath_tests.cpp:168: ----- RUNNING: ./vecmath_tests
DEBUG vecmath_tests.cpp:158: 
----- init_tests
DEBUG vecmath_tests.cpp:159: 
----- load_tests
DEBUG vecmath_tests.cpp:160: 
----- store_tests
DEBUG vecmath_tests.cpp:161: 
----- arrange_tests
DEBUG vecmath_tests.cpp:162: 
----- math_funcs_tests
DEBUG vecmath_tests.cpp:163: 
----- dotcross_tests
DEBUG vecmath_tests.cpp:168: ----- RUNNING: ./vecmath_tests
DEBUG vecmath_tests.cpp:158: 
----- init_tests
DEBUG vecmath_tests.cpp:159: 
----- load_tests
DEBUG vecmath_tests.cpp:160: 
----- store_tests
DEBUG vecmath_tests.cpp:161: 
----- arrange_tests
DEBUG vecmath_tests.cpp:162: 
----- math_funcs_tests
DEBUG vecmath_tests.cpp:163: 
----- dotcross_tests
DEBUG vecmath_tests.cpp:168: ----- RUNNING: ./vecmath_tests
DEBUG vecmath_tests.cpp:158: 
----- init_tests
DEBUG vecmath_tests.cpp:159: 
----- load_tests
DEBUG vecmath_tests.cpp:160: 
----- store_tests
DEBUG vecmath_tests.cpp:161: 
----- arrange_tests
DEBUG vecmath_tests.cpp:162: 
----- math_funcs_tests
DEBUG vecmath_tests.cpp:163: 
----- dotcross_tests
DEBUG vecmath_tests.cpp:163: ----- RUNNING: ./vecmath_tests
DEBUG vecmath_tests.cpp:153: 
----- init_tests
DEBUG vecmath_tests.cpp:154: 
----- load_tests
DEBUG vecmath_tests.cpp:155: 
----- store_tests
DEBUG vecmath_tests.cpp:156: 
----- arrange_tests
DEBUG vecmath_tests.cpp:157: 
----- math_funcs_tests
DEBUG vecmath_tests.cpp:158: 
----- dotcross_tests
DEBUG vecmath_tests.cpp:165: ----- RUNNING: ./vecmath_tests
DEBUG vecmath_tests.cpp:155: 
----- init_tests
DEBUG vecmath_tests.cpp:156: 
----- load_tests
DEBUG vecmath_tests.cpp:157: 
----- store_tests
DEBUG vecmath_tests.cpp:158: 
----- arrange_tests
DEBUG vecmath_tests.cpp:159: 
----- math_funcs_tests
DEBUG vecmath_tests.cpp:160: 
----- dotcross_tests
DEBUG vecmath_tests.cpp:177: ----- RUNNING: ./vecmath_tests
DEBUG vecmath_tests.cpp:166: 
----- init_tests
DEBUG vecmath_tests.cpp:167: 
----- load_tests
DEBUG vecmath_tests.cpp:168: 
----- store_tests
DEBUG vecmath_tests.cpp:169: 
----- arrange_tests
DEBUG vecmath_tests.cpp:170: 
----- math_funcs_tests
DEBUG vecmath_tests.cpp:171: 
----- dotcross_tests
DEBUG vecmath_tests.cpp:172: 
----- highermath_tests
[ERROR] (vecmath_tests.cpp:158: errno: None) Vector pow failed
DEBUG vecmath_tests.cpp:182: ----- RUNNING: ./vecmath_tests
DEBUG vecmath_tests.cpp:171: 
----- init_tests
DEBUG vecmath_tests.cpp:172: 
----- load_tests
DEBUG vecmath_tests.cpp:173: 
----- store_tests
DEBUG vecmath_tests.cpp:174: 
----- arrange_tests
DEBUG vecmath_tests.cpp:175: 
----- math_funcs_tests
DEBUG vecmath_tests.cpp:176: 
----- dotcross_tests
DEBUG vecmath_tests.cpp:177: 
----- highermath_tests
DEBUG vecmath_tests.cpp:182: ----- RUNNING: ./vecmath_tests
DEBUG vecmath_tests.cpp:171: 
----- init_tests
DEBUG vecmath_tests.cpp:172: 
----- load_tests
DEBUG vecmath_tests.cpp:173: 
----- store_tests
DEBUG vecmath_tests.cpp:174: 
----- arrange_tests
DEBUG vecmath_tests.cpp:175: 
----- math_funcs_tests
DEBUG vecmath_tests.cpp:176: 
----- dotcross_tests
DEBUG vecmath_tests.cpp:177: 
----- highermath_tests
DEBUG vecmath_tests.cpp:182: ----- RUNNING: ./vecmath_tests
DEBUG vecmath_tests.cpp:171: 
----- init_tests
DEBUG vecmath_tests.cpp:172: 
----- load_tests
DEBUG vecmath_tests.cpp:173: 
----- store_tests
DEBUG vecmath_tests.cpp:174: 
----- arrange_tests
DEBUG vecmath_tests.cpp:175: 
----- math_funcs_tests
DEBUG vecmath_tests.cpp:176: 
----- dotcross_tests
DEBUG vecmath_tests.cpp:177: 
----- highermath_tests
DEBUG vecmath_tests.cpp:182: ----- RUNNING: ./vecmath_tests
DEBUG vecmath_tests.cpp:171: 
----- init_tests
DEBUG vecmath_tests.cpp:172: 
----- load_tests
DEBUG vecmath_tests.cpp:173: 
----- store_tests
DEBUG vecmath_tests.cpp:174: 
----- arrange_tests
DEBUG vecmath_tests.cpp:175: 
----- math_funcs_tests
DEBUG vecmath_tests.cpp:176: 
----- dotcross_tests
DEBUG vecmath_tests.cpp:177: 
----- highermath_tests
DEBUG vecmath_tests.cpp:182: ----- RUNNING: ./vecmath_tests
DEBUG vecmath_tests.cpp:171: 
----- init_tests
DEBUG vecmath_tests.cpp:172: 
----- load_tests
DEBUG vecmath_tests.cpp:173: 
----- store_tests
DEBUG vecmath_tests.cpp:174: 
----- arrange_tests
DEBUG vecmath_tests.cpp:175: 
----- math_funcs_tests
DEBUG vecmath_tests.cpp:176: 
----- dotcross_tests
DEBUG vecmath_tests.cpp:177: 
----- highermath_tests
DEBUG vecmath_tests.cpp:182: ----- RUNNING: ./vecmath_tests
DEBUG vecmath_tests.cpp:171: 
----- init_tests
DEBUG vecmath_tests.cpp:172: 
----- load_tests
DEBUG vecmath_tests.cpp:173: 
----- store_tests
DEBUG vecmath_tests.cpp:174: 
----- arrange_tests
DEBUG vecmath_tests.cpp:175: 
----- math_funcs_tests
DEBUG vecmath_tests.cpp:176: 
----- dotcross_tests
DEBUG vecmath_tests.cpp:177: 
----- highermath_tests
DEBUG vecmath_tests.cpp:182: ----- RUNNING: ./vecmath_tests
DEBUG vecmath_tests.cpp:171: 
----- init_tests
DEBUG vecmath_tests.cpp:172: 
----- load_tests
DEBUG vecmath_tests.cpp:173: 
----- store_tests
DEBUG vecmath_tests.cpp:174: 
----- arrange_tests
DEBUG vecmath_tests.cpp:175: 
----- math_funcs_tests
DEBUG vecmath_tests.cpp:176: 
----- dotcross_tests
DEBUG vecmath_tests.cpp:177: 
----- highermath_tests
DEBUG vecmath_tests.cpp:177: ----- RUNNING: ./vecmath_tests
DEBUG vecmath_tests.cpp:166: 
----- init_tests
DEBUG vecmath_tests.cpp:167: 
----- load_tests
DEBUG vecmath_tests.cpp:168: 
----- store_tests
DEBUG vecmath_tests.cpp:169: 
----- arrange_tests
DEBUG vecmath_tests.cpp:170: 
----- math_funcs_tests
DEBUG vecmath_tests.cpp:171: 
----- dotcross_tests
DEBUG vecmath_tests.cpp:172: 
----- highermath_tests
DEBUG vecmath_tests.cpp:181: ----- RUNNING: ./vecmath_tests
DEBUG vecmath_tests.cpp:170: 
----- init_tests
DEBUG vecmath_tests.cpp:171: 
----- load_tests
DEBUG vecmath_tests.cpp:172: 
----- store_tests
DEBUG vecmath_tests.cpp:173: 
----- arrange_tests
DEBUG vecmath_tests.cpp:174: 
----- math_funcs_tests
DEBUG vecmath_tests.cpp:175: 
----- dotcross_tests
DEBUG vecmath_tests.cpp:176: 
----- highermath_tests
DEBUG vecmath_tests.cpp:187: ----- RUNNING: ./vecmath_tests
DEBUG vecmath_tests.cpp:176: 
----- init_tests
DEBUG vecmath_tests.cpp:177: 
----- load_tests
DEBUG vecmath_tests.cpp:178: 
----- store_tests
DEBUG vecmath_tests.cpp:179: 
----- arrange_tests
DEBUG vecmath_tests.cpp:180: 
----- math_funcs_tests
DEBUG vecmath_tests.cpp:181: 
----- dotcross_tests
DEBUG vecmath_tests.cpp:182: 
----- highermath_tests
DEBUG vecmath_tests.cpp:187: ----- RUNNING: ./vecmath_tests
DEBUG vecmath_tests.cpp:176: 
----- init_tests
DEBUG vecmath_tests.cpp:177: 
----- load_tests
DEBUG vecmath_tests.cpp:178: 
----- store_tests
DEBUG vecmath_tests.cpp:179: 
----- arrange_tests
DEBUG vecmath_tests.cpp:180: 
----- math_funcs_tests
DEBUG vecmath_tests.cpp:181: 
----- dotcross_tests
DEBUG vecmath_tests.cpp:182: 
----- highermath_tests
DEBUG vecmath_tests.cpp:187: ----- RUNNING: ./vecmath_tests
DEBUG vecmath_tests.cpp:176: 
----- init_tests
DEBUG vecmath_tests.cpp:177: 
----- load_tests
DEBUG vecmath_tests.cpp:178: 
----- store_tests
DEBUG vecmath_tests.cpp:179: 
----- arrange_tests
DEBUG vecmath_tests.cpp:180: 
----- math_funcs_tests
DEBUG vecmath_tests.cpp:181: 
----- dotcross_tests
DEBUG vecmath_tests.cpp:182: 
----- highermath_tests
DEBUG vecmath_tests.cpp:187: ----- RUNNING: ./vecmath_tests
DEBUG vecmath_tests.cpp:176: 
----- init_tests
DEBUG vecmath_tests.cpp:177: 
----- load_tests
DEBUG vecmath_tests.cpp:178: 
----- store_tests
DEBUG vecmath_tests.cpp:179: 
----- arrange_tests
DEBUG vecmath_tests.cpp:180: 
----- math_funcs_tests
DEBUG vecmath_tests.cpp:181: 
----- dotcross_tests
DEBUG vecmath_tests.cpp:182: 
----- highermath_tests
[ERROR] (vecmath_tests.cpp:167: errno: None) Vector rsqrt failed
DEBUG vecmath_tests.cpp:187: ----- RUNNING: ./vecmath_tests
DEBUG vecmath_tests.cpp:176: 
----- init_tests
DEBUG vecmath_tests.cpp:177: 
----- load_tests
DEBUG vecmath_tests.cpp:178: 
----- store_tests
DEBUG vecmath_tests.cpp:179: 
----- arrange_tests
DEBUG vecmath_tests.cpp:180: 
----- math_funcs_tests
DEBUG vecmath_tests.cpp:181: 
----- dotcross_tests
DEBUG vecmath_tests.cpp:182: 
----- highermath_tests
[ERROR] (vecmath_tests.cpp:167: errno: None) Vector rsqrt failed
DEBUG vecmath_tests.cpp:197: ----- RUNNING: ./vecmath_tests
DEBUG vecmath_tests.cpp:186: 
----- init_tests
DEBUG vecmath_tests.cpp:187: 
----- load_tests
DEBUG vecmath_tests.cpp:188: 
----- store_tests
DEBUG vecmath_tests.cpp:189: 
----- arrange_tests
DEBUG vecmath_tests.cpp:190: 
----- math_funcs_tests
DEBUG vecmath_tests.cpp:191: 
----- dotcross_tests
DEBUG vecmath_tests.cpp:192: 
----- highermath_tests
DEBUG vecmath_tests.cpp:197: ----- RUNNING: ./vecmath_tests
DEBUG vecmath_tests.cpp:186: 
----- init_tests
DEBUG vecmath_tests.cpp:187: 
----- load_tests
DEBUG vecmath_tests.cpp:188: 
----- store_tests
DEBUG vecmath_tests.cpp:189: 
----- arrange_tests
DEBUG vecmath_tests.cpp:190: 
----- math_funcs_tests
DEBUG vecmath_tests.cpp:191: 
----- dotcross_tests
DEBUG vecmath_tests.cpp:192: 
----- highermath_tests
DEBUG vecmath_tests.cpp:197: ----- RUNNING: ./vecmath_tests
DEBUG vecmath_tests.cpp:186: 
----- init_tests
DEBUG vecmath_tests.cpp:187: 
----- load_tests
DEBUG vecmath_tests.cpp:188: 
----- store_tests
DEBUG vecmath_tests.cpp:189: 
----- arrange_tests
DEBUG vecmath_tests.cpp:190: 
----- math_funcs_tests
DEBUG vecmath_tests.cpp:191: 
----- dotcross_tests
DEBUG vecmath_tests.cpp:192: 
----- highermath_tests
DEBUG vecmath_tests.cpp:197: ----- RUNNING: ./vecmath_tests
DEBUG vecmath_tests.cpp:186: 
----- init_tests
DEBUG vecmath_tests.cpp:187: 
----- load_tests
DEBUG vecmath_tests.cpp:188: 
----- store_tests
DEBUG vecmath_tests.cpp:189: 
----- arrange_tests
DEBUG vecmath_tests.cpp:190: 
----- math_funcs_tests
DEBUG vecmath_tests.cpp:191: 
----- dotcross_tests
DEBUG vecmath_tests.cpp:192: 
----- highermath_tests
DEBUG vecmath_tests.cpp:197: ----- RUNNING: ./vecmath_tests
DEBUG vecmath_tests.cpp:186: 
----- init_tests
DEBUG vecmath_tests.cpp:187: 
----- load_tests
DEBUG vecmath_tests.cpp:188: 
----- store_tests
DEBUG vecmath_tests.cpp:189: 
----- arrange_tests
DEBUG vecmath_tests.cpp:190: 
----- math_funcs_tests
DEBUG vecmath_tests.cpp:191: 
----- dotcross_tests
DEBUG vecmath_tests.cpp:192: 
----- highermath_tests
DEBUG vecmath_tests.cpp:197: ----- RUNNING: ./vecmath_tests
DEBUG vecmath_tests.cpp:186: 
----- init_tests
DEBUG vecmath_tests.cpp:187: 
----- load_tests
DEBUG vecmath_tests.cpp:188: 
----- store_tests
DEBUG vecmath_tests.cpp:189: 
----- arrange_tests
DEBUG vecmath_tests.cpp:190: 
----- math_funcs_tests
DEBUG vecmath_tests.cpp:191: 
----- dotcross_tests
DEBUG vecmath_tests.cpp:192: 
----- highermath_tests
[ERROR] (vecmath_tests.cpp:177: errno: None) Vector rsqrt failed
DEBUG vecmath_tests.cpp:197: ----- RUNNING: ./vecmath_tests
DEBUG vecmath_tests.cpp:186: 
----- init_tests
DEBUG vecmath_tests.cpp:187: 
----- load_tests
DEBUG vecmath_tests.cpp:188: 
----- store_tests
DEBUG vecmath_tests.cpp:189: 
----- arrange_tests
DEBUG vecmath_tests.cpp:190: 
----- math_funcs_tests
DEBUG vecmath_tests.cpp:191: 
----- dotcross_tests
DEBUG vecmath_tests.cpp:192: 
----- highermath_tests
[ERROR] (vecmath_tests.cpp:177: errno: None) Vector reciprocal failed
DEBUG vecmath_tests.cpp:197: ----- RUNNING: ./vecmath_tests
DEBUG vecmath_tests.cpp:186: 
----- init_tests
DEBUG vecmath_tests.cpp:187: 
----- load_tests
DEBUG vecmath_tests.cpp:188: 
----- store_tests
DEBUG vecmath_tests.cpp:189: 
----- arrange_tests
DEBUG vecmath_tests.cpp:190: 
----- math_funcs_tests
DEBUG vecmath_tests.cpp:191: 
----- dotcross_tests
DEBUG vecmath_tests.cpp:192: 
----- highermath_tests
[ERROR] (vecmath_tests.cpp:177: errno: None) Vector reciprocal failed
DEBUG vecmath_tests.cpp:198: ----- RUNNING: ./vecmath_tests
DEBUG vecmath_tests.cpp:187: 
----- init_tests
DEBUG vecmath_tests.cpp:188: 
----- load_tests
DEBUG vecmath_tests.cpp:189: 
----- store_tests
DEBUG vecmath_tests.cpp:190: 
----- arrange_tests
DEBUG vecmath_tests.cpp:191: 
----- math_funcs_tests
DEBUG vecmath_tests.cpp:192: 
----- dotcross_tests
DEBUG vecmath_tests.cpp:193: 
----- highermath_tests
DEBUG vecmath_tests.cpp:198: ----- RUNNING: ./vecmath_tests
DEBUG vecmath_tests.cpp:187: 
----- init_tests
DEBUG vecmath_tests.cpp:188: 
----- load_tests
DEBUG vecmath_tests.cpp:189: 
----- store_tests
DEBUG vecmath_tests.cpp:190: 
----- arrange_tests
DEBUG vecmath_tests.cpp:191: 
----- math_funcs_tests
DEBUG vecmath_tests.cpp:192: 
----- dotcross_tests
DEBUG vecmath_tests.cpp:193: 
----- highermath_tests
DEBUG vecmath_tests.cpp:198: ----- RUNNING: ./vecmath_tests
DEBUG vecmath_tests.cpp:187: 
----- init_tests
DEBUG vecmath_tests.cpp:188: 
----- load_tests
DEBUG vecmath_tests.cpp:189: 
----- store_tests
DEBUG vecmath_tests.cpp:190: 
----- arrange_tests
DEBUG vecmath_tests.cpp:191: 
----- math_funcs_tests
DEBUG vecmath_tests.cpp:192: 
----- dotcross_tests
DEBUG vecmath_tests.cpp:193: 
----- highermath_tests
DEBUG vecmath_tests.cpp:198: ----- RUNNING: ./vecmath_tests
DEBUG vecmath_tests.cpp:187: 
----- init_tests
DEBUG vecmath_tests.cpp:188: 
----- load_tests
DEBUG vecmath_tests.cpp:189: 
----- store_tests
DEBUG vecmath_tests.cpp:190: 
----- arrange_tests
DEBUG vecmath_tests.cpp:191: 
----- math_funcs_tests
DEBUG vecmath_tests.cpp:192: 
----- dotcross_tests
DEBUG vecmath_tests.cpp:193: 
----- highermath_tests
DEBUG vecmath_tests.cpp:198: ----- RUNNING: ./vecmath_tests
DEBUG vecmath_tests.cpp:187: 
----- init_tests
DEBUG vecmath_tests.cpp:188: 
----- load_tests
DEBUG vecmath_tests.cpp:189: 
----- store_tests
DEBUG vecmath_tests.cpp:190: 
----- arrange_tests
DEBUG vecmath_tests.cpp:191: 
----- math_funcs_tests
DEBUG vecmath_tests.cpp:192: 
----- dotcross_tests
DEBUG vecmath_tests.cpp:193: 
----- highermath_tests
DEBUG vecmath_tests.cpp:198: ----- RUNNING: ./vecmath_tests
DEBUG vecmath_tests.cpp:187: 
----- init_tests
DEBUG vecmath_tests.cpp:188: 
----- load_tests
DEBUG vecmath_tests.cpp:189: 
----- store_tests
DEBUG vecmath_tests.cpp:190: 
----- arrange_tests
DEBUG vecmath_tests.cpp:191: 
----- math_funcs_tests
DEBUG vecmath_tests.cpp:192: 
----- dotcross_tests
DEBUG vecmath_tests.cpp:193: 
----- highermath_tests
DEBUG vecmath_tests.cpp:198: ----- RUNNING: ./vecmath_tests
DEBUG vecmath_tests.cpp:187: 
----- init_tests
DEBUG vecmath_tests.cpp:188: 
----- load_tests
DEBUG vecmath_tests.cpp:189: 
----- store_tests
DEBUG vecmath_tests.cpp:190: 
----- arrange_tests
DEBUG vecmath_tests.cpp:191: 
----- math_funcs_tests
DEBUG vecmath_tests.cpp:192: 
----- dotcross_tests
DEBUG vecmath_tests.cpp:193: 
----- highermath_tests
DEBUG vecmath_tests.cpp:202: ----- RUNNING: ./vecmath_tests
DEBUG vecmath_tests.cpp:191: 
----- init_tests
DEBUG vecmath_tests.cpp:192: 
----- load_tests
DEBUG vecmath_tests.cpp:193: 
----- store_tests
DEBUG vecmath_tests.cpp:194: 
----- arrange_tests
DEBUG vecmath_tests.cpp:195: 
----- math_funcs_tests
DEBUG vecmath_tests.cpp:196: 
----- dotcross_tests
DEBUG vecmath_tests.cpp:197: 
----- highermath_tests
DEBUG vecmath_tests.cpp:205: ----- RUNNING: ./vecmath_tests
DEBUG vecmath_tests.cpp:194: 
----- init_tests
DEBUG vecmath_tests.cpp:195: 
----- load_tests
DEBUG vecmath_tests.cpp:196: 
----- store_tests
DEBUG vecmath_tests.cpp:197: 
----- arrange_tests
DEBUG vecmath_tests.cpp:198: 
----- math_funcs_tests
DEBUG vecmath_tests.cpp:199: 
----- dotcross_tests
DEBUG vecmath_tests.cpp:200: 
----- highermath_tests
DEBUG vecmath_tests.cpp:205: ----- RUNNING: ./vecmath_tests
DEBUG vecmath_tests.cpp:194: 
----- init_tests
DEBUG vecmath_tests.cpp:195: 
----- load_tests
DEBUG vecmath_tests.cpp:196: 
----- store_tests
DEBUG vecmath_tests.cpp:197: 
----- arrange_tests
DEBUG vecmath_tests.cpp:198: 
----- math_funcs_tests
DEBUG vecmath_tests.cpp:199: 
----- dotcross_tests
DEBUG vecmath_tests.cpp:200: 
----- highermath_tests
DEBUG vecmath_tests.cpp:207: ----- RUNNING: ./vecmath_tests
DEBUG vecmath_tests.cpp:196: 
----- init_tests
DEBUG vecmath_tests.cpp:197: 
----- load_tests
DEBUG vecmath_tests.cpp:198: 
----- store_tests
DEBUG vecmath_tests.cpp:199: 
----- arrange_tests
DEBUG vecmath_tests.cpp:200: 
----- math_funcs_tests
DEBUG vecmath_tests.cpp:201: 
----- dotcross_tests
DEBUG vecmath_tests.cpp:202: 
----- highermath_tests
DEBUG vecmath_tests.cpp:207: ----- RUNNING: ./vecmath_tests
DEBUG vecmath_tests.cpp:196: 
----- init_tests
DEBUG vecmath_tests.cpp:197: 
----- load_tests
DEBUG vecmath_tests.cpp:198: 
----- store_tests
DEBUG vecmath_tests.cpp:199: 
----- arrange_tests
DEBUG vecmath_tests.cpp:200: 
----- math_funcs_tests
DEBUG vecmath_tests.cpp:201: 
----- dotcross_tests
DEBUG vecmath_tests.cpp:202: 
----- highermath_tests
DEBUG vecmath_tests.cpp:208: ----- RUNNING: ./vecmath_tests
DEBUG vecmath_tests.cpp:197: 
----- init_tests
DEBUG vecmath_tests.cpp:198: 
----- load_tests
DEBUG vecmath_tests.cpp:199: 
----- store_tests
DEBUG vecmath_tests.cpp:200: 
----- arrange_tests
DEBUG vecmath_tests.cpp:201: 
----- math_funcs_tests
DEBUG vecmath_tests.cpp:202: 
----- dotcross_tests
DEBUG vecmath_tests.cpp:203: 
----- highermath_tests
DEBUG vecmath_tests.cpp:208: ----- RUNNING: ./vecmath_tests
DEBUG vecmath_tests.cpp:197: 
----- init_tests
DEBUG vecmath_tests.cpp:198: 
----- load_tests
DEBUG vecmath_tests.cpp:199: 
----- store_tests
DEBUG vecmath_tests.cpp:200: 
----- arrange_tests
DEBUG vecmath_tests.cpp:201: 
----- math_funcs_tests
DEBUG vecmath_tests.cpp:202: 
----- dotcross_tests
DEBUG vecmath_tests.cpp:203: 
----- highermath_tests
DEBUG vecmath_tests.cpp:208: ----- RUNNING: ./vecmath_tests
DEBUG vecmath_tests.cpp:197: 
----- init_tests
DEBUG vecmath_tests.cpp:198: 
----- load_tests
DEBUG vecmath_tests.cpp:199: 
----- store_tests
DEBUG vecmath_tests.cpp:200: 
----- arrange_tests
DEBUG vecmath_tests.cpp:201: 
----- math_funcs_tests
DEBUG vecmath_tests.cpp:202: 
----- dotcross_tests
DEBUG vecmath_tests.cpp:203: 
----- highermath_tests
DEBUG vecmath_tests.cpp:208: ----- RUNNING: ./vecmath_tests
DEBUG vecmath_tests.cpp:197: 
----- init_tests
DEBUG vecmath_tests.cpp:198: 
----- load_tests
DEBUG vecmath_tests.cpp:199: 
----- store_tests
DEBUG vecmath_tests.cpp:200: 
----- arrange_tests
DEBUG vecmath_tests.cpp:201: 
----- math_funcs_tests
DEBUG vecmath_tests.cpp:202: 
----- dotcross_tests
DEBUG vecmath_tests.cpp:203: 
----- highermath_tests
DEBUG vecmath_tests.cpp:209: ----- RUNNING: ./vecmath_tests
DEBUG vecmath_tests.cpp:198: 
----- init_tests
DEBUG vecmath_tests.cpp:199: 
----- load_tests
DEBUG vecmath_tests.cpp:200: 
----- store_tests
DEBUG vecmath_tests.cpp:201: 
----- arrange_tests
DEBUG vecmath_tests.cpp:202: 
----- math_funcs_tests
DEBUG vecmath_tests.cpp:203: 
----- dotcross_tests
DEBUG vecmath_tests.cpp:204: 
----- highermath_tests
[ERROR] (vecmath_tests.cpp:181: errno: None) Vector rsqrt failed
DEBUG vecmath_tests.cpp:209: ----- RUNNING: ./vecmath_tests
DEBUG vecmath_tests.cpp:198: 
----- init_tests
DEBUG vecmath_tests.cpp:199: 
----- load_tests
DEBUG vecmath_tests.cpp:200: 
----- store_tests
DEBUG vecmath_tests.cpp:201: 
----- arrange_tests
DEBUG vecmath_tests.cpp:202: 
----- math_funcs_tests
DEBUG vecmath_tests.cpp:203: 
----- dotcross_tests
DEBUG vecmath_tests.cpp:204: 
----- highermath_tests
DEBUG vecmath_tests.cpp:212: ----- RUNNING: ./vecmath_tests
DEBUG vecmath_tests.cpp:201: 
----- init_tests
DEBUG vecmath_tests.cpp:202: 
----- load_tests
DEBUG vecmath_tests.cpp:203: 
----- store_tests
DEBUG vecmath_tests.cpp:204: 
----- arrange_tests
DEBUG vecmath_tests.cpp:205: 
----- math_funcs_tests
DEBUG vecmath_tests.cpp:206: 
----- dotcross_tests
DEBUG vecmath_tests.cpp:207: 
----- highermath_tests
DEBUG vecmath_tests.cpp:226: ----- RUNNING: ./vecmath_tests
DEBUG vecmath_tests.cpp:214: 
----- init_tests
DEBUG vecmath_tests.cpp:215: 
----- load_tests
DEBUG vecmath_tests.cpp:216: 
----- store_tests
DEBUG vecmath_tests.cpp:217: 
----- arrange_tests
DEBUG vecmath_tests.cpp:218: 
----- math_funcs_tests
DEBUG vecmath_tests.cpp:219: 
----- dotcross_tests
DEBUG vecmath_tests.cpp:220: 
----- highermath_tests
DEBUG vecmath_tests.cpp:221: 
----- length_normal_tests
DEBUG vecmath_tests.cpp:231: ----- RUNNING: ./vecmath_tests
DEBUG vecmath_tests.cpp:219: 
----- init_tests
DEBUG vecmath_tests.cpp:220: 
----- load_tests
DEBUG vecmath_tests.cpp:221: 
----- store_tests
DEBUG vecmath_tests.cpp:222: 
----- arrange_tests
DEBUG vecmath_tests.cpp:223: 
----- math_funcs_tests
DEBUG vecmath_tests.cpp:224: 
----- dotcross_tests
DEBUG vecmath_tests.cpp:225: 
----- highermath_tests
DEBUG vecmath_tests.cpp:226: 
----- length_normal_tests
[ERROR] (vecmath_tests.cpp:206: errno: None) Vector normalize3 failed
DEBUG vecmath_tests.cpp:232: ----- RUNNING: ./vecmath_tests
DEBUG vecmath_tests.cpp:220: 
----- init_tests
DEBUG vecmath_tests.cpp:221: 
----- load_tests
DEBUG vecmath_tests.cpp:222: 
----- store_tests
DEBUG vecmath_tests.cpp:223: 
----- arrange_tests
DEBUG vecmath_tests.cpp:224: 
----- math_funcs_tests
DEBUG vecmath_tests.cpp:225: 
----- dotcross_tests
DEBUG vecmath_tests.cpp:226: 
----- highermath_tests
DEBUG vecmath_tests.cpp:227: 
----- length_normal_tests
DEBUG vecmath_tests.cpp:232: ----- RUNNING: ./vecmath_tests
DEBUG vecmath_tests.cpp:220: 
----- init_tests
DEBUG vecmath_tests.cpp:221: 
----- load_tests
DEBUG vecmath_tests.cpp:222: 
----- store_tests
DEBUG vecmath_tests.cpp:223: 
----- arrange_tests
DEBUG vecmath_tests.cpp:224: 
----- math_funcs_tests
DEBUG vecmath_tests.cpp:225: 
----- dotcross_tests
DEBUG vecmath_tests.cpp:226: 
----- highermath_tests
DEBUG vecmath_tests.cpp:227: 
----- length_normal_tests
DEBUG vecmath_tests.cpp:232: ----- RUNNING: ./vecmath_tests
DEBUG vecmath_tests.cpp:220: 
----- init_tests
DEBUG vecmath_tests.cpp:221: 
----- load_tests
DEBUG vecmath_tests.cpp:222: 
----- store_tests
DEBUG vecmath_tests.cpp:223: 
----- arrange_tests
DEBUG vecmath_tests.cpp:224: 
----- math_funcs_tests
DEBUG vecmath_tests.cpp:225: 
----- dotcross_tests
DEBUG vecmath_tests.cpp:226: 
----- highermath_tests
DEBUG vecmath_tests.cpp:227: 
----- length_normal_tests
DEBUG vecmath_tests.cpp:232: ----- RUNNING: ./vecmath_tests
DEBUG vecmath_tests.cpp:220: 
----- init_tests
DEBUG vecmath_tests.cpp:221: 
----- load_tests
DEBUG vecmath_tests.cpp:222: 
----- store_tests
DEBUG vecmath_tests.cpp:223: 
----- arrange_tests
DEBUG vecmath_tests.cpp:224: 
----- math_funcs_tests
DEBUG vecmath_tests.cpp:225: 
----- dotcross_tests
DEBUG vecmath_tests.cpp:226: 
----- highermath_tests
DEBUG vecmath_tests.cpp:227: 
----- length_normal_tests
DEBUG vecmath_tests.cpp:231: ----- RUNNING: ./vecmath_tests
DEBUG vecmath_tests.cpp:219: 
----- init_tests
DEBUG vecmath_tests.cpp:220: 
----- load_tests
DEBUG vecmath_tests.cpp:221: 
----- store_tests
DEBUG vecmath_tests.cpp:222: 
----- arrange_tests
DEBUG vecmath_tests.cpp:223: 
----- math_funcs_tests
DEBUG vecmath_tests.cpp:224: 
----- dotcross_tests
DEBUG vecmath_tests.cpp:225: 
----- highermath_tests
DEBUG vecmath_tests.cpp:226: 
----- length_normal_tests
DEBUG vecmath_tests.cpp:231: ----- RUNNING: ./vecmath_tests
DEBUG vecmath_tests.cpp:219: 
----- init_tests
DEBUG vecmath_tests.cpp:220: 
----- load_tests
DEBUG vecmath_tests.cpp:221: 
----- store_tests
DEBUG vecmath_tests.cpp:222: 
----- arrange_tests
DEBUG vecmath_tests.cpp:223: 
----- math_funcs_tests
DEBUG vecmath_tests.cpp:224: 
----- dotcross_tests
DEBUG vecmath_tests.cpp:225: 
----- highermath_tests
DEBUG vecmath_tests.cpp:226: 
----- length_normal_tests
DEBUG vecmath_tests.cpp:231: ----- RUNNING: ./vecmath_tests
DEBUG vecmath_tests.cpp:219: 
----- init_tests
DEBUG vecmath_tests.cpp:220: 
----- load_tests
DEBUG vecmath_tests.cpp:221: 
----- store_tests
DEBUG vecmath_tests.cpp:222: 
----- arrange_tests
DEBUG vecmath_tests.cpp:223: 
----- math_funcs_tests
DEBUG vecmath_tests.cpp:224: 
----- dotcross_tests
DEBUG vecmath_tests.cpp:225: 
----- highermath_tests
DEBUG vecmath_tests.cpp:226: 
----- length_normal_tests
